app/build/intermediates/manifest_merge_blame_file/debug/manifest-merger-blame-debug-report.txt
1<?xml version="1.0" encoding="utf-8"?>
2<manifest xmlns:android="http://schemas.android.com/apk/res/android"
3    package="com.serenegiant.libcommon"
4    android:versionCode="360"
5    android:versionName="7.27.0" >
6
7    <uses-sdk
8        android:minSdkVersion="16"
8-->src\main\AndroidManifest.xml
9        android:targetSdkVersion="28" />
9-->src\main\AndroidManifest.xml
10
11    <uses-feature
11-->src\main\AndroidManifest.xml:7:2-74
12        android:glEsVersion="0x00020000"
12-->src\main\AndroidManifest.xml:7:16-48
13        android:required="true" />
13-->src\main\AndroidManifest.xml:7:49-72
14    <uses-feature
14-->src\main\AndroidManifest.xml:8:2-83
15        android:name="android.hardware.usb.host"
15-->src\main\AndroidManifest.xml:8:16-56
16        android:required="false" />
16-->src\main\AndroidManifest.xml:8:57-81
17    <uses-feature
17-->src\main\AndroidManifest.xml:9:2-82
18        android:name="android.hardware.camera"
18-->src\main\AndroidManifest.xml:9:16-54
19        android:required="false" />
19-->src\main\AndroidManifest.xml:9:55-79
20
21    <uses-permission android:name="android.permission.CHANGE_NETWORK_STATE" />
21-->src\main\AndroidManifest.xml:11:2-75
21-->src\main\AndroidManifest.xml:11:19-73
22    <uses-permission android:name="android.permission.INTERNET" />
22-->src\main\AndroidManifest.xml:12:2-63
22-->src\main\AndroidManifest.xml:12:19-61
23    <uses-permission android:name="android.permission.ACCESS_NETWORK_STATE" />
23-->src\main\AndroidManifest.xml:13:2-75
23-->src\main\AndroidManifest.xml:13:19-73
24    <uses-permission android:name="android.permission.ACCESS_WIFI_STATE" />
24-->src\main\AndroidManifest.xml:14:2-72
24-->src\main\AndroidManifest.xml:14:19-70
25    <uses-permission android:name="android.permission.RECORD_AUDIO" />
25-->src\main\AndroidManifest.xml:16:2-67
25-->src\main\AndroidManifest.xml:16:19-65
26    <uses-permission android:name="android.permission.CAMERA" />
26-->src\main\AndroidManifest.xml:17:2-61
26-->src\main\AndroidManifest.xml:17:19-59
27    <uses-permission
27-->src\main\AndroidManifest.xml:18:2-104
28        android:name="android.permission.WRITE_EXTERNAL_STORAGE"
28-->src\main\AndroidManifest.xml:18:19-75
29        android:maxSdkVersion="28" />
29-->src\main\AndroidManifest.xml:18:76-102
30    <uses-permission android:name="android.permission.READ_EXTERNAL_STORAGE" />
30-->src\main\AndroidManifest.xml:19:2-76
30-->src\main\AndroidManifest.xml:19:19-74
31
32    <!-- Android 9 以降でフォアグラウンドサービスを実行するため -->
33    <uses-permission android:name="android.permission.FOREGROUND_SERVICE" />
33-->src\main\AndroidManifest.xml:22:2-73
33-->src\main\AndroidManifest.xml:22:19-71
34
35    <application
35-->src\main\AndroidManifest.xml:24:2-56:16
36        android:name="androidx.multidex.MultiDexApplication"
36-->src\main\AndroidManifest.xml:25:3-55
37        android:allowBackup="true"
37-->src\main\AndroidManifest.xml:26:3-29
38        android:appComponentFactory="androidx.core.app.CoreComponentFactory"
38-->[androidx.core:core:1.6.0] AndroidManifest.xml:24:18-86
39        android:debuggable="true"
40        android:icon="@mipmap/ic_launcher"
40-->src\main\AndroidManifest.xml:27:3-37
41        android:label="@string/app_name"
41-->src\main\AndroidManifest.xml:28:3-35
42        android:supportsRtl="true"
42-->src\main\AndroidManifest.xml:29:3-29
43        android:testOnly="true"
44        android:theme="@style/AppTheme" >
44-->src\main\AndroidManifest.xml:30:3-34
45        <activity android:name="com.serenegiant.libcommon.MainActivity" >
45-->src\main\AndroidManifest.xml:32:3-37:14
45-->src\main\AndroidManifest.xml:32:13-41
46            <intent-filter>
46-->src\main\AndroidManifest.xml:33:4-36:20
47                <action android:name="android.intent.action.MAIN" />
47-->src\main\AndroidManifest.xml:34:5-56
47-->src\main\AndroidManifest.xml:34:13-54
48
49                <category android:name="android.intent.category.LAUNCHER" />
49-->src\main\AndroidManifest.xml:35:5-64
49-->src\main\AndroidManifest.xml:35:15-62
50            </intent-filter>
51        </activity>
52
53        <service
53-->src\main\AndroidManifest.xml:39:3-46:13
54            android:name="com.serenegiant.service.RecordingService"
54-->src\main\AndroidManifest.xml:40:4-59
55            android:enabled="true"
55-->src\main\AndroidManifest.xml:42:4-26
56            android:exported="false" >
56-->src\main\AndroidManifest.xml:41:4-28
57            <intent-filter>
57-->src\main\AndroidManifest.xml:43:4-45:20
58                <action android:name="com.serenegiant.service.RecordingService" />
58-->src\main\AndroidManifest.xml:44:5-71
58-->src\main\AndroidManifest.xml:44:13-68
59            </intent-filter>
60        </service>
61        <service
61-->src\main\AndroidManifest.xml:48:3-55:13
62            android:name="com.serenegiant.service.ScreenRecorderService"
62-->src\main\AndroidManifest.xml:49:4-64
63            android:enabled="true"
63-->src\main\AndroidManifest.xml:51:4-26
64            android:exported="false" >
64-->src\main\AndroidManifest.xml:50:4-28
65            <intent-filter>
65-->src\main\AndroidManifest.xml:52:4-54:20
66                <action android:name="com.serenegiant.service.ScreenRecorderService" />
66-->src\main\AndroidManifest.xml:53:5-76
66-->src\main\AndroidManifest.xml:53:13-73
67            </intent-filter>
68        </service>
69
70        <provider
70-->[androidx.lifecycle:lifecycle-process:2.2.0] AndroidManifest.xml:25:9-29:43
71            android:name="androidx.lifecycle.ProcessLifecycleOwnerInitializer"
71-->[androidx.lifecycle:lifecycle-process:2.2.0] AndroidManifest.xml:26:13-79
72            android:authorities="com.serenegiant.libcommon.lifecycle-process"
72-->[androidx.lifecycle:lifecycle-process:2.2.0] AndroidManifest.xml:27:13-69
73            android:exported="false"
73-->[androidx.lifecycle:lifecycle-process:2.2.0] AndroidManifest.xml:28:13-37
74            android:multiprocess="true" />
74-->[androidx.lifecycle:lifecycle-process:2.2.0] AndroidManifest.xml:29:13-40
75    </application>
76
77</manifest>